<?xml version="1.0" encoding="UTF-8"?>
<robot generator="Robot 3.2.1 (Python 3.6.0 on win32)" generated="20200930 21:38:16.657" rpa="false">
<suite id="s1" name="Book Lesson" source="C:\Git\Lessons\private-lessons-project\e2e\tests\book_lesson.robot">
<test id="s1-t1" name="Book Lesson expect to pass">
<kw name="Login" library="resource">
<arguments>
<arg>s@s.com</arg>
<arg>123123</arg>
</arguments>
<kw name="Open Browser To Login Page" library="resource">
<kw name="Open Chrome" library="resource">
<kw name="Evaluate" library="BuiltIn">
<doc>Evaluates the given expression in Python and returns the result.</doc>
<arguments>
<arg>sys.modules['selenium.webdriver'].ChromeOptions()</arg>
<arg>sys, selenium.webdriver</arg>
</arguments>
<assign>
<var>${chrome_options}</var>
</assign>
<msg timestamp="20200930 21:38:16.985" level="INFO">${chrome_options} = &lt;selenium.webdriver.chrome.options.Options object at 0x00000224097D22B0&gt;</msg>
<status status="PASS" starttime="20200930 21:38:16.985" endtime="20200930 21:38:16.985"></status>
</kw>
<kw name="Call Method" library="BuiltIn">
<doc>Calls the named method of the given object with the provided arguments.</doc>
<arguments>
<arg>${chrome_options}</arg>
<arg>add_argument</arg>
<arg>--disable-extensions</arg>
</arguments>
<status status="PASS" starttime="20200930 21:38:16.985" endtime="20200930 21:38:16.985"></status>
</kw>
<kw name="Call Method" library="BuiltIn">
<doc>Calls the named method of the given object with the provided arguments.</doc>
<arguments>
<arg>${chrome_options}</arg>
<arg>add_argument</arg>
<arg>--headless</arg>
</arguments>
<status status="PASS" starttime="20200930 21:38:16.986" endtime="20200930 21:38:16.986"></status>
</kw>
<kw name="Call Method" library="BuiltIn">
<doc>Calls the named method of the given object with the provided arguments.</doc>
<arguments>
<arg>${chrome_options}</arg>
<arg>add_argument</arg>
<arg>--disable-gpu</arg>
</arguments>
<status status="PASS" starttime="20200930 21:38:16.986" endtime="20200930 21:38:16.986"></status>
</kw>
<kw name="Call Method" library="BuiltIn">
<doc>Calls the named method of the given object with the provided arguments.</doc>
<arguments>
<arg>${chrome_options}</arg>
<arg>add_argument</arg>
<arg>--no-sandbox</arg>
</arguments>
<status status="PASS" starttime="20200930 21:38:16.986" endtime="20200930 21:38:16.987"></status>
</kw>
<kw name="Call Method" library="BuiltIn">
<doc>Calls the named method of the given object with the provided arguments.</doc>
<arguments>
<arg>${chrome_options}</arg>
<arg>add_argument</arg>
<arg>--disable-accelerated-2d-canvas</arg>
</arguments>
<status status="PASS" starttime="20200930 21:38:16.987" endtime="20200930 21:38:16.987"></status>
</kw>
<kw name="Call Method" library="BuiltIn">
<doc>Calls the named method of the given object with the provided arguments.</doc>
<arguments>
<arg>${chrome_options}</arg>
<arg>add_argument</arg>
<arg>--disable-accelerated-jpeg-decoding</arg>
</arguments>
<status status="PASS" starttime="20200930 21:38:16.987" endtime="20200930 21:38:16.988"></status>
</kw>
<kw name="Create Webdriver" library="SeleniumLibrary">
<doc>Creates an instance of Selenium WebDriver.</doc>
<arguments>
<arg>Chrome</arg>
<arg>chrome_options=${chrome_options}</arg>
</arguments>
<msg timestamp="20200930 21:38:16.988" level="INFO">Creating an instance of the Chrome WebDriver.</msg>
<status status="PASS" starttime="20200930 21:38:16.988" endtime="20200930 21:38:20.100"></status>
</kw>
<status status="PASS" starttime="20200930 21:38:16.984" endtime="20200930 21:38:20.101"></status>
</kw>
<kw name="Go To Login Page" library="resource">
<kw name="Go To" library="SeleniumLibrary">
<doc>Navigates the current browser window to the provided ``url``.</doc>
<arguments>
<arg>${LOGIN URL}</arg>
</arguments>
<msg timestamp="20200930 21:38:20.101" level="INFO">Opening url 'https://infinite-river-63630.herokuapp.com/login/index.html'</msg>
<status status="PASS" starttime="20200930 21:38:20.101" endtime="20200930 21:38:55.661"></status>
</kw>
<kw name="Login Page Should Be Open" library="resource">
<kw name="Title Should Be" library="SeleniumLibrary">
<doc>Verifies that the current page title equals ``title``.</doc>
<arguments>
<arg>Languages</arg>
</arguments>
<msg timestamp="20200930 21:38:55.670" level="INFO">Page title is 'Languages'.</msg>
<status status="PASS" starttime="20200930 21:38:55.662" endtime="20200930 21:38:55.670"></status>
</kw>
<status status="PASS" starttime="20200930 21:38:55.661" endtime="20200930 21:38:55.670"></status>
</kw>
<status status="PASS" starttime="20200930 21:38:20.101" endtime="20200930 21:38:55.670"></status>
</kw>
<kw name="Set Selenium Speed" library="SeleniumLibrary">
<doc>Sets the delay that is waited after each Selenium command.</doc>
<arguments>
<arg>${DELAY}</arg>
</arguments>
<status status="PASS" starttime="20200930 21:38:55.671" endtime="20200930 21:38:55.671"></status>
</kw>
<kw name="Login Page Should Be Open" library="resource">
<kw name="Title Should Be" library="SeleniumLibrary">
<doc>Verifies that the current page title equals ``title``.</doc>
<arguments>
<arg>Languages</arg>
</arguments>
<msg timestamp="20200930 21:38:55.679" level="INFO">Page title is 'Languages'.</msg>
<status status="PASS" starttime="20200930 21:38:55.672" endtime="20200930 21:38:55.679"></status>
</kw>
<status status="PASS" starttime="20200930 21:38:55.671" endtime="20200930 21:38:55.680"></status>
</kw>
<status status="PASS" starttime="20200930 21:38:16.984" endtime="20200930 21:38:55.680"></status>
</kw>
<kw name="Input Username" library="resource">
<arguments>
<arg>${username}</arg>
</arguments>
<kw name="Input Text" library="SeleniumLibrary">
<doc>Types the given ``text`` into the text field identified by ``locator``.</doc>
<arguments>
<arg>email</arg>
<arg>${username}</arg>
</arguments>
<msg timestamp="20200930 21:38:55.682" level="INFO">Typing text 's@s.com' into text field 'email'.</msg>
<status status="PASS" starttime="20200930 21:38:55.681" endtime="20200930 21:38:55.823"></status>
</kw>
<status status="PASS" starttime="20200930 21:38:55.680" endtime="20200930 21:38:55.823"></status>
</kw>
<kw name="Input Password" library="resource">
<arguments>
<arg>${password}</arg>
</arguments>
<kw name="Input Text" library="SeleniumLibrary">
<doc>Types the given ``text`` into the text field identified by ``locator``.</doc>
<arguments>
<arg>password</arg>
<arg>${password}</arg>
</arguments>
<msg timestamp="20200930 21:38:55.825" level="INFO">Typing text '123123' into text field 'password'.</msg>
<status status="PASS" starttime="20200930 21:38:55.824" endtime="20200930 21:38:55.926"></status>
</kw>
<status status="PASS" starttime="20200930 21:38:55.823" endtime="20200930 21:38:55.927"></status>
</kw>
<kw name="Click Button Helper" library="resource">
<arguments>
<arg>${LOGIN BTN}</arg>
</arguments>
<kw name="Wait Until Page Contains Element" library="SeleniumLibrary">
<doc>Waits until the element ``locator`` appears on the current page.</doc>
<arguments>
<arg>${button_id}</arg>
<arg>20</arg>
</arguments>
<status status="PASS" starttime="20200930 21:38:55.927" endtime="20200930 21:38:55.942"></status>
</kw>
<kw name="Click Button" library="SeleniumLibrary">
<doc>Clicks the button identified by ``locator``.</doc>
<arguments>
<arg>${button_id}</arg>
</arguments>
<msg timestamp="20200930 21:38:55.943" level="INFO">Clicking button 'login_btn'.</msg>
<status status="PASS" starttime="20200930 21:38:55.943" endtime="20200930 21:38:56.026"></status>
</kw>
<status status="PASS" starttime="20200930 21:38:55.927" endtime="20200930 21:38:56.027"></status>
</kw>
<status status="PASS" starttime="20200930 21:38:16.983" endtime="20200930 21:38:56.027"></status>
</kw>
<kw name="Main Page Should Be Open" library="resource">
<kw name="Wait Until Page Contains Element" library="SeleniumLibrary">
<doc>Waits until the element ``locator`` appears on the current page.</doc>
<arguments>
<arg>${LOGOUT_BTN}</arg>
<arg>10</arg>
</arguments>
<status status="PASS" starttime="20200930 21:38:56.028" endtime="20200930 21:38:57.952"></status>
</kw>
<status status="PASS" starttime="20200930 21:38:56.028" endtime="20200930 21:38:57.953"></status>
</kw>
<kw name="Select Language" library="resource">
<arguments>
<arg>Acholi</arg>
</arguments>
<kw name="Select From List By Value" library="SeleniumLibrary">
<doc>Selects options from selection list ``locator`` by ``values``.</doc>
<arguments>
<arg>${SEARCH_LANG_LIST}</arg>
<arg>${input_val}</arg>
</arguments>
<msg timestamp="20200930 21:38:57.955" level="INFO">Selecting options from selection list 'ddl_language' by value Acholi.</msg>
<status status="PASS" starttime="20200930 21:38:57.954" endtime="20200930 21:38:58.050"></status>
</kw>
<status status="PASS" starttime="20200930 21:38:57.953" endtime="20200930 21:38:58.050"></status>
</kw>
<kw name="Select Teacher Origin" library="resource">
<arguments>
<arg>Afghanistan</arg>
</arguments>
<kw name="Select From List By Value" library="SeleniumLibrary">
<doc>Selects options from selection list ``locator`` by ``values``.</doc>
<arguments>
<arg>${SEARCH_ORIGIN_LIST}</arg>
<arg>${input_val}</arg>
</arguments>
<msg timestamp="20200930 21:38:58.052" level="INFO">Selecting options from selection list 'ddl_origin' by value Afghanistan.</msg>
<status status="PASS" starttime="20200930 21:38:58.051" endtime="20200930 21:38:58.144"></status>
</kw>
<status status="PASS" starttime="20200930 21:38:58.051" endtime="20200930 21:38:58.145"></status>
</kw>
<kw name="Click Search Teacher Button" library="resource">
<kw name="Click Button Helper" library="resource">
<arguments>
<arg>${SEACRH_TEACHER_BTN}</arg>
</arguments>
<kw name="Wait Until Page Contains Element" library="SeleniumLibrary">
<doc>Waits until the element ``locator`` appears on the current page.</doc>
<arguments>
<arg>${button_id}</arg>
<arg>20</arg>
</arguments>
<status status="PASS" starttime="20200930 21:38:58.146" endtime="20200930 21:38:58.163"></status>
</kw>
<kw name="Click Button" library="SeleniumLibrary">
<doc>Clicks the button identified by ``locator``.</doc>
<arguments>
<arg>${button_id}</arg>
</arguments>
<msg timestamp="20200930 21:38:58.164" level="INFO">Clicking button 'searchBtn'.</msg>
<status status="PASS" starttime="20200930 21:38:58.163" endtime="20200930 21:38:58.249"></status>
</kw>
<status status="PASS" starttime="20200930 21:38:58.145" endtime="20200930 21:38:58.249"></status>
</kw>
<status status="PASS" starttime="20200930 21:38:58.145" endtime="20200930 21:38:58.249"></status>
</kw>
<kw name="Select Teacher Profile" library="resource">
<kw name="Click Button Helper" library="resource">
<arguments>
<arg>${SEARCH_SEE_PROFILE_BTN}</arg>
</arguments>
<kw name="Wait Until Page Contains Element" library="SeleniumLibrary">
<doc>Waits until the element ``locator`` appears on the current page.</doc>
<arguments>
<arg>${button_id}</arg>
<arg>20</arg>
</arguments>
<status status="PASS" starttime="20200930 21:38:58.251" endtime="20200930 21:38:59.319"></status>
</kw>
<kw name="Click Button" library="SeleniumLibrary">
<doc>Clicks the button identified by ``locator``.</doc>
<arguments>
<arg>${button_id}</arg>
</arguments>
<msg timestamp="20200930 21:38:59.319" level="INFO">Clicking button 'lCF3MT5PhvUAJyPT4irwxNu7jok1'.</msg>
<status status="PASS" starttime="20200930 21:38:59.319" endtime="20200930 21:38:59.989"></status>
</kw>
<status status="PASS" starttime="20200930 21:38:58.251" endtime="20200930 21:38:59.989"></status>
</kw>
<status status="PASS" starttime="20200930 21:38:58.250" endtime="20200930 21:38:59.989"></status>
</kw>
<kw name="Click Wanted Date" library="resource">
<arguments>
<arg>xpath://html/body/section/div/div[2]/div/div/table/tr[3]/td[4]/button</arg>
</arguments>
<kw name="Wait Until Page Contains Element" library="SeleniumLibrary">
<doc>Waits until the element ``locator`` appears on the current page.</doc>
<arguments>
<arg>${TEACHER_CALENDAR_TABLE}</arg>
<arg>20</arg>
</arguments>
<status status="PASS" starttime="20200930 21:38:59.991" endtime="20200930 21:39:00.036"></status>
</kw>
<kw name="Sleep" library="BuiltIn">
<doc>Pauses the test executed for the given time.</doc>
<arguments>
<arg>10 seconds</arg>
</arguments>
<msg timestamp="20200930 21:39:10.038" level="INFO">Slept 10 seconds</msg>
<status status="PASS" starttime="20200930 21:39:00.037" endtime="20200930 21:39:10.038"></status>
</kw>
<kw name="Click Button Helper" library="resource">
<arguments>
<arg>${input_val}</arg>
</arguments>
<kw name="Wait Until Page Contains Element" library="SeleniumLibrary">
<doc>Waits until the element ``locator`` appears on the current page.</doc>
<arguments>
<arg>${button_id}</arg>
<arg>20</arg>
</arguments>
<status status="PASS" starttime="20200930 21:39:10.039" endtime="20200930 21:39:10.054"></status>
</kw>
<kw name="Click Button" library="SeleniumLibrary">
<doc>Clicks the button identified by ``locator``.</doc>
<arguments>
<arg>${button_id}</arg>
</arguments>
<msg timestamp="20200930 21:39:10.055" level="INFO">Clicking button 'xpath://html/body/section/div/div[2]/div/div/table/tr[3]/td[4]/button'.</msg>
<status status="PASS" starttime="20200930 21:39:10.055" endtime="20200930 21:39:10.137"></status>
</kw>
<status status="PASS" starttime="20200930 21:39:10.038" endtime="20200930 21:39:10.138"></status>
</kw>
<status status="PASS" starttime="20200930 21:38:59.990" endtime="20200930 21:39:10.138"></status>
</kw>
<kw name="Click Book Lesson" library="resource">
<kw name="Click Button Helper" library="resource">
<arguments>
<arg>${BOOK_LESSON_TEAECHER_BUTTON}</arg>
</arguments>
<kw name="Wait Until Page Contains Element" library="SeleniumLibrary">
<doc>Waits until the element ``locator`` appears on the current page.</doc>
<arguments>
<arg>${button_id}</arg>
<arg>20</arg>
</arguments>
<status status="PASS" starttime="20200930 21:39:10.140" endtime="20200930 21:39:10.157"></status>
</kw>
<kw name="Click Button" library="SeleniumLibrary">
<doc>Clicks the button identified by ``locator``.</doc>
<arguments>
<arg>${button_id}</arg>
</arguments>
<msg timestamp="20200930 21:39:10.157" level="INFO">Clicking button 'book_btn'.</msg>
<status status="PASS" starttime="20200930 21:39:10.157" endtime="20200930 21:39:11.167"></status>
</kw>
<status status="PASS" starttime="20200930 21:39:10.140" endtime="20200930 21:39:11.167"></status>
</kw>
<status status="PASS" starttime="20200930 21:39:10.139" endtime="20200930 21:39:11.168"></status>
</kw>
<kw name="Payment Page Should Be Open" library="resource">
<kw name="Wait Until Page Contains Element" library="SeleniumLibrary">
<doc>Waits until the element ``locator`` appears on the current page.</doc>
<arguments>
<arg>${PAY_CARD_NAME_INPUT}</arg>
<arg>20</arg>
</arguments>
<status status="PASS" starttime="20200930 21:39:11.169" endtime="20200930 21:39:11.187"></status>
</kw>
<status status="PASS" starttime="20200930 21:39:11.168" endtime="20200930 21:39:11.187"></status>
</kw>
<kw name="Fill Name On Card" library="resource">
<arguments>
<arg>Prince</arg>
</arguments>
<kw name="Input helper" library="resource">
<arguments>
<arg>${PAY_CARD_NAME_INPUT}</arg>
<arg>${input_val}</arg>
</arguments>
<kw name="Wait Until Page Contains Element" library="SeleniumLibrary">
<doc>Waits until the element ``locator`` appears on the current page.</doc>
<arguments>
<arg>${input_id}</arg>
</arguments>
<status status="PASS" starttime="20200930 21:39:11.189" endtime="20200930 21:39:11.200"></status>
</kw>
<kw name="Input Text" library="SeleniumLibrary">
<doc>Types the given ``text`` into the text field identified by ``locator``.</doc>
<arguments>
<arg>${input_id}</arg>
<arg>${input_val}</arg>
</arguments>
<msg timestamp="20200930 21:39:11.201" level="INFO">Typing text 'Prince' into text field 'pay-credit-name-input'.</msg>
<status status="PASS" starttime="20200930 21:39:11.200" endtime="20200930 21:39:11.311"></status>
</kw>
<status status="PASS" starttime="20200930 21:39:11.188" endtime="20200930 21:39:11.311"></status>
</kw>
<status status="PASS" starttime="20200930 21:39:11.188" endtime="20200930 21:39:11.312"></status>
</kw>
<kw name="Fill Email" library="resource">
<arguments>
<arg>p@p.com</arg>
</arguments>
<kw name="Input helper" library="resource">
<arguments>
<arg>${PAY_EMAIL_INPUT}</arg>
<arg>${input_val}</arg>
</arguments>
<kw name="Wait Until Page Contains Element" library="SeleniumLibrary">
<doc>Waits until the element ``locator`` appears on the current page.</doc>
<arguments>
<arg>${input_id}</arg>
</arguments>
<status status="PASS" starttime="20200930 21:39:11.314" endtime="20200930 21:39:11.330"></status>
</kw>
<kw name="Input Text" library="SeleniumLibrary">
<doc>Types the given ``text`` into the text field identified by ``locator``.</doc>
<arguments>
<arg>${input_id}</arg>
<arg>${input_val}</arg>
</arguments>
<msg timestamp="20200930 21:39:11.331" level="INFO">Typing text 'p@p.com' into text field 'pay-credit-email-input'.</msg>
<status status="PASS" starttime="20200930 21:39:11.330" endtime="20200930 21:39:11.443"></status>
</kw>
<status status="PASS" starttime="20200930 21:39:11.313" endtime="20200930 21:39:11.443"></status>
</kw>
<status status="PASS" starttime="20200930 21:39:11.312" endtime="20200930 21:39:11.443"></status>
</kw>
<kw name="Fill Credit Card" library="resource">
<arguments>
<arg>1234123412341234</arg>
</arguments>
<kw name="Input helper" library="resource">
<arguments>
<arg>${PAY_CARD_NUMBER_INPUT}</arg>
<arg>${input_val}</arg>
</arguments>
<kw name="Wait Until Page Contains Element" library="SeleniumLibrary">
<doc>Waits until the element ``locator`` appears on the current page.</doc>
<arguments>
<arg>${input_id}</arg>
</arguments>
<status status="PASS" starttime="20200930 21:39:11.445" endtime="20200930 21:39:11.460"></status>
</kw>
<kw name="Input Text" library="SeleniumLibrary">
<doc>Types the given ``text`` into the text field identified by ``locator``.</doc>
<arguments>
<arg>${input_id}</arg>
<arg>${input_val}</arg>
</arguments>
<msg timestamp="20200930 21:39:11.461" level="INFO">Typing text '1234123412341234' into text field 'pay-credit-number-input'.</msg>
<status status="PASS" starttime="20200930 21:39:11.461" endtime="20200930 21:39:11.589"></status>
</kw>
<status status="PASS" starttime="20200930 21:39:11.444" endtime="20200930 21:39:11.590"></status>
</kw>
<status status="PASS" starttime="20200930 21:39:11.444" endtime="20200930 21:39:11.590"></status>
</kw>
<kw name="Fill Cvc" library="resource">
<arguments>
<arg>234</arg>
</arguments>
<kw name="Input helper" library="resource">
<arguments>
<arg>${PAY_CARD_CVC_INPUT}</arg>
<arg>${input_val}</arg>
</arguments>
<kw name="Wait Until Page Contains Element" library="SeleniumLibrary">
<doc>Waits until the element ``locator`` appears on the current page.</doc>
<arguments>
<arg>${input_id}</arg>
</arguments>
<status status="PASS" starttime="20200930 21:39:11.592" endtime="20200930 21:39:11.608"></status>
</kw>
<kw name="Input Text" library="SeleniumLibrary">
<doc>Types the given ``text`` into the text field identified by ``locator``.</doc>
<arguments>
<arg>${input_id}</arg>
<arg>${input_val}</arg>
</arguments>
<msg timestamp="20200930 21:39:11.609" level="INFO">Typing text '234' into text field 'pay-credit-cvc-input'.</msg>
<status status="PASS" starttime="20200930 21:39:11.608" endtime="20200930 21:39:11.711"></status>
</kw>
<status status="PASS" starttime="20200930 21:39:11.591" endtime="20200930 21:39:11.711"></status>
</kw>
<status status="PASS" starttime="20200930 21:39:11.590" endtime="20200930 21:39:11.711"></status>
</kw>
<kw name="Click Payment Order Button" library="resource">
<kw name="Click Button Helper" library="resource">
<arguments>
<arg>${PAY_ORDER_BTN}</arg>
</arguments>
<kw name="Wait Until Page Contains Element" library="SeleniumLibrary">
<doc>Waits until the element ``locator`` appears on the current page.</doc>
<arguments>
<arg>${button_id}</arg>
<arg>20</arg>
</arguments>
<status status="PASS" starttime="20200930 21:39:11.713" endtime="20200930 21:39:11.730"></status>
</kw>
<kw name="Click Button" library="SeleniumLibrary">
<doc>Clicks the button identified by ``locator``.</doc>
<arguments>
<arg>${button_id}</arg>
</arguments>
<msg timestamp="20200930 21:39:11.730" level="INFO">Clicking button 'orderButton'.</msg>
<status status="PASS" starttime="20200930 21:39:11.730" endtime="20200930 21:39:11.839"></status>
</kw>
<status status="PASS" starttime="20200930 21:39:11.712" endtime="20200930 21:39:11.840"></status>
</kw>
<status status="PASS" starttime="20200930 21:39:11.712" endtime="20200930 21:39:11.840"></status>
</kw>
<status status="PASS" starttime="20200930 21:38:16.982" endtime="20200930 21:39:11.842" critical="yes"></status>
</test>
<doc>A test suite with a single test for valid login.

This test has a workflow that is created using keywords in
the imported resource file.</doc>
<status status="PASS" starttime="20200930 21:38:16.660" endtime="20200930 21:39:11.844"></status>
</suite>
<statistics>
<total>
<stat pass="1" fail="0">Critical Tests</stat>
<stat pass="1" fail="0">All Tests</stat>
</total>
<tag>
</tag>
<suite>
<stat pass="1" fail="0" id="s1" name="Book Lesson">Book Lesson</stat>
</suite>
</statistics>
<errors>
</errors>
</robot>
