<?xml version="1.0" encoding="UTF-8"?>
<robot generator="Robot 3.2.1 (Python 3.6.0 on win32)" generated="20200930 21:14:02.447" rpa="false">
<suite id="s1" name="Book Lesson" source="C:\Git\Lessons\private-lessons-project\e2e\tests\book_lesson.robot">
<test id="s1-t1" name="Book Lesson expect to pass">
<kw name="Login" library="resource">
<arguments>
<arg>s@s.com</arg>
<arg>123123</arg>
</arguments>
<kw name="Open Browser To Login Page" library="resource">
<kw name="Open Chrome" library="resource">
<kw name="Evaluate" library="BuiltIn">
<doc>Evaluates the given expression in Python and returns the result.</doc>
<arguments>
<arg>sys.modules['selenium.webdriver'].ChromeOptions()</arg>
<arg>sys, selenium.webdriver</arg>
</arguments>
<assign>
<var>${chrome_options}</var>
</assign>
<msg timestamp="20200930 21:14:02.767" level="INFO">${chrome_options} = &lt;selenium.webdriver.chrome.options.Options object at 0x0000021E3BC232B0&gt;</msg>
<status status="PASS" starttime="20200930 21:14:02.766" endtime="20200930 21:14:02.767"></status>
</kw>
<kw name="Call Method" library="BuiltIn">
<doc>Calls the named method of the given object with the provided arguments.</doc>
<arguments>
<arg>${chrome_options}</arg>
<arg>add_argument</arg>
<arg>--disable-extensions</arg>
</arguments>
<status status="PASS" starttime="20200930 21:14:02.767" endtime="20200930 21:14:02.767"></status>
</kw>
<kw name="Call Method" library="BuiltIn">
<doc>Calls the named method of the given object with the provided arguments.</doc>
<arguments>
<arg>${chrome_options}</arg>
<arg>add_argument</arg>
<arg>--headless</arg>
</arguments>
<status status="PASS" starttime="20200930 21:14:02.767" endtime="20200930 21:14:02.768"></status>
</kw>
<kw name="Call Method" library="BuiltIn">
<doc>Calls the named method of the given object with the provided arguments.</doc>
<arguments>
<arg>${chrome_options}</arg>
<arg>add_argument</arg>
<arg>--disable-gpu</arg>
</arguments>
<status status="PASS" starttime="20200930 21:14:02.768" endtime="20200930 21:14:02.768"></status>
</kw>
<kw name="Call Method" library="BuiltIn">
<doc>Calls the named method of the given object with the provided arguments.</doc>
<arguments>
<arg>${chrome_options}</arg>
<arg>add_argument</arg>
<arg>--no-sandbox</arg>
</arguments>
<status status="PASS" starttime="20200930 21:14:02.768" endtime="20200930 21:14:02.768"></status>
</kw>
<kw name="Call Method" library="BuiltIn">
<doc>Calls the named method of the given object with the provided arguments.</doc>
<arguments>
<arg>${chrome_options}</arg>
<arg>add_argument</arg>
<arg>--disable-accelerated-2d-canvas</arg>
</arguments>
<status status="PASS" starttime="20200930 21:14:02.769" endtime="20200930 21:14:02.769"></status>
</kw>
<kw name="Call Method" library="BuiltIn">
<doc>Calls the named method of the given object with the provided arguments.</doc>
<arguments>
<arg>${chrome_options}</arg>
<arg>add_argument</arg>
<arg>--disable-accelerated-jpeg-decoding</arg>
</arguments>
<status status="PASS" starttime="20200930 21:14:02.769" endtime="20200930 21:14:02.769"></status>
</kw>
<kw name="Create Webdriver" library="SeleniumLibrary">
<doc>Creates an instance of Selenium WebDriver.</doc>
<arguments>
<arg>Chrome</arg>
<arg>chrome_options=${chrome_options}</arg>
</arguments>
<msg timestamp="20200930 21:14:02.770" level="INFO">Creating an instance of the Chrome WebDriver.</msg>
<status status="PASS" starttime="20200930 21:14:02.769" endtime="20200930 21:14:05.874"></status>
</kw>
<status status="PASS" starttime="20200930 21:14:02.766" endtime="20200930 21:14:05.875"></status>
</kw>
<kw name="Go To Login Page" library="resource">
<kw name="Go To" library="SeleniumLibrary">
<doc>Navigates the current browser window to the provided ``url``.</doc>
<arguments>
<arg>${LOGIN URL}</arg>
</arguments>
<msg timestamp="20200930 21:14:05.875" level="INFO">Opening url 'https://infinite-river-63630.herokuapp.com/login/index.html'</msg>
<status status="PASS" starttime="20200930 21:14:05.875" endtime="20200930 21:14:36.224"></status>
</kw>
<kw name="Login Page Should Be Open" library="resource">
<kw name="Title Should Be" library="SeleniumLibrary">
<doc>Verifies that the current page title equals ``title``.</doc>
<arguments>
<arg>Languages</arg>
</arguments>
<msg timestamp="20200930 21:14:36.232" level="INFO">Page title is 'Languages'.</msg>
<status status="PASS" starttime="20200930 21:14:36.225" endtime="20200930 21:14:36.232"></status>
</kw>
<status status="PASS" starttime="20200930 21:14:36.225" endtime="20200930 21:14:36.233"></status>
</kw>
<status status="PASS" starttime="20200930 21:14:05.875" endtime="20200930 21:14:36.233"></status>
</kw>
<kw name="Set Selenium Speed" library="SeleniumLibrary">
<doc>Sets the delay that is waited after each Selenium command.</doc>
<arguments>
<arg>${DELAY}</arg>
</arguments>
<status status="PASS" starttime="20200930 21:14:36.233" endtime="20200930 21:14:36.234"></status>
</kw>
<kw name="Login Page Should Be Open" library="resource">
<kw name="Title Should Be" library="SeleniumLibrary">
<doc>Verifies that the current page title equals ``title``.</doc>
<arguments>
<arg>Languages</arg>
</arguments>
<msg timestamp="20200930 21:14:36.242" level="INFO">Page title is 'Languages'.</msg>
<status status="PASS" starttime="20200930 21:14:36.235" endtime="20200930 21:14:36.242"></status>
</kw>
<status status="PASS" starttime="20200930 21:14:36.234" endtime="20200930 21:14:36.243"></status>
</kw>
<status status="PASS" starttime="20200930 21:14:02.766" endtime="20200930 21:14:36.243"></status>
</kw>
<kw name="Input Username" library="resource">
<arguments>
<arg>${username}</arg>
</arguments>
<kw name="Input Text" library="SeleniumLibrary">
<doc>Types the given ``text`` into the text field identified by ``locator``.</doc>
<arguments>
<arg>email</arg>
<arg>${username}</arg>
</arguments>
<msg timestamp="20200930 21:14:36.244" level="INFO">Typing text 's@s.com' into text field 'email'.</msg>
<status status="PASS" starttime="20200930 21:14:36.244" endtime="20200930 21:14:36.383"></status>
</kw>
<status status="PASS" starttime="20200930 21:14:36.243" endtime="20200930 21:14:36.384"></status>
</kw>
<kw name="Input Password" library="resource">
<arguments>
<arg>${password}</arg>
</arguments>
<kw name="Input Text" library="SeleniumLibrary">
<doc>Types the given ``text`` into the text field identified by ``locator``.</doc>
<arguments>
<arg>password</arg>
<arg>${password}</arg>
</arguments>
<msg timestamp="20200930 21:14:36.385" level="INFO">Typing text '123123' into text field 'password'.</msg>
<status status="PASS" starttime="20200930 21:14:36.385" endtime="20200930 21:14:36.486"></status>
</kw>
<status status="PASS" starttime="20200930 21:14:36.384" endtime="20200930 21:14:36.486"></status>
</kw>
<kw name="Click Button Helper" library="resource">
<arguments>
<arg>${LOGIN BTN}</arg>
</arguments>
<kw name="Wait Until Page Contains Element" library="SeleniumLibrary">
<doc>Waits until the element ``locator`` appears on the current page.</doc>
<arguments>
<arg>${button_id}</arg>
<arg>20</arg>
</arguments>
<status status="PASS" starttime="20200930 21:14:36.487" endtime="20200930 21:14:36.503"></status>
</kw>
<kw name="Click Button" library="SeleniumLibrary">
<doc>Clicks the button identified by ``locator``.</doc>
<arguments>
<arg>${button_id}</arg>
</arguments>
<msg timestamp="20200930 21:14:36.503" level="INFO">Clicking button 'login_btn'.</msg>
<status status="PASS" starttime="20200930 21:14:36.503" endtime="20200930 21:14:36.590"></status>
</kw>
<status status="PASS" starttime="20200930 21:14:36.486" endtime="20200930 21:14:36.591"></status>
</kw>
<status status="PASS" starttime="20200930 21:14:02.765" endtime="20200930 21:14:36.591"></status>
</kw>
<kw name="Main Page Should Be Open" library="resource">
<kw name="Wait Until Page Contains Element" library="SeleniumLibrary">
<doc>Waits until the element ``locator`` appears on the current page.</doc>
<arguments>
<arg>${LOGOUT_BTN}</arg>
<arg>10</arg>
</arguments>
<status status="PASS" starttime="20200930 21:14:36.592" endtime="20200930 21:14:38.219"></status>
</kw>
<status status="PASS" starttime="20200930 21:14:36.591" endtime="20200930 21:14:38.219"></status>
</kw>
<kw name="Select Language" library="resource">
<arguments>
<arg>Acholi</arg>
</arguments>
<kw name="Select From List By Value" library="SeleniumLibrary">
<doc>Selects options from selection list ``locator`` by ``values``.</doc>
<arguments>
<arg>${SEARCH_LANG_LIST}</arg>
<arg>${input_val}</arg>
</arguments>
<msg timestamp="20200930 21:14:38.221" level="INFO">Selecting options from selection list 'ddl_language' by value Acholi.</msg>
<status status="PASS" starttime="20200930 21:14:38.220" endtime="20200930 21:14:38.311"></status>
</kw>
<status status="PASS" starttime="20200930 21:14:38.220" endtime="20200930 21:14:38.311"></status>
</kw>
<kw name="Select Teacher Origin" library="resource">
<arguments>
<arg>Afghanistan</arg>
</arguments>
<kw name="Select From List By Value" library="SeleniumLibrary">
<doc>Selects options from selection list ``locator`` by ``values``.</doc>
<arguments>
<arg>${SEARCH_ORIGIN_LIST}</arg>
<arg>${input_val}</arg>
</arguments>
<msg timestamp="20200930 21:14:38.313" level="INFO">Selecting options from selection list 'ddl_origin' by value Afghanistan.</msg>
<status status="PASS" starttime="20200930 21:14:38.312" endtime="20200930 21:14:38.403"></status>
</kw>
<status status="PASS" starttime="20200930 21:14:38.312" endtime="20200930 21:14:38.403"></status>
</kw>
<kw name="Click Search Teacher Button" library="resource">
<kw name="Click Button Helper" library="resource">
<arguments>
<arg>${SEACRH_TEACHER_BTN}</arg>
</arguments>
<kw name="Wait Until Page Contains Element" library="SeleniumLibrary">
<doc>Waits until the element ``locator`` appears on the current page.</doc>
<arguments>
<arg>${button_id}</arg>
<arg>20</arg>
</arguments>
<status status="PASS" starttime="20200930 21:14:38.406" endtime="20200930 21:14:38.425"></status>
</kw>
<kw name="Click Button" library="SeleniumLibrary">
<doc>Clicks the button identified by ``locator``.</doc>
<arguments>
<arg>${button_id}</arg>
</arguments>
<msg timestamp="20200930 21:14:38.426" level="INFO">Clicking button 'searchBtn'.</msg>
<status status="PASS" starttime="20200930 21:14:38.426" endtime="20200930 21:14:38.518"></status>
</kw>
<status status="PASS" starttime="20200930 21:14:38.405" endtime="20200930 21:14:38.518"></status>
</kw>
<status status="PASS" starttime="20200930 21:14:38.404" endtime="20200930 21:14:38.519"></status>
</kw>
<kw name="Select Teacher Profile" library="resource">
<kw name="Click Button Helper" library="resource">
<arguments>
<arg>${SEARCH_SEE_PROFILE_BTN}</arg>
</arguments>
<kw name="Wait Until Page Contains Element" library="SeleniumLibrary">
<doc>Waits until the element ``locator`` appears on the current page.</doc>
<arguments>
<arg>${button_id}</arg>
<arg>20</arg>
</arguments>
<status status="PASS" starttime="20200930 21:14:38.520" endtime="20200930 21:14:39.389"></status>
</kw>
<kw name="Click Button" library="SeleniumLibrary">
<doc>Clicks the button identified by ``locator``.</doc>
<arguments>
<arg>${button_id}</arg>
</arguments>
<msg timestamp="20200930 21:14:39.390" level="INFO">Clicking button 'lCF3MT5PhvUAJyPT4irwxNu7jok1'.</msg>
<status status="PASS" starttime="20200930 21:14:39.389" endtime="20200930 21:14:40.091"></status>
</kw>
<status status="PASS" starttime="20200930 21:14:38.520" endtime="20200930 21:14:40.091"></status>
</kw>
<status status="PASS" starttime="20200930 21:14:38.519" endtime="20200930 21:14:40.092"></status>
</kw>
<kw name="Click Wanted Date" library="resource">
<arguments>
<arg>xpath://html/body/section/div/div[2]/div/div/table/tr[4]/td[4]/button</arg>
</arguments>
<kw name="Wait Until Page Contains Element" library="SeleniumLibrary">
<doc>Waits until the element ``locator`` appears on the current page.</doc>
<arguments>
<arg>${TEACHER_CALENDAR_TABLE}</arg>
<arg>20</arg>
</arguments>
<status status="PASS" starttime="20200930 21:14:40.095" endtime="20200930 21:14:40.123"></status>
</kw>
<kw name="Sleep" library="BuiltIn">
<doc>Pauses the test executed for the given time.</doc>
<arguments>
<arg>10 seconds</arg>
</arguments>
<msg timestamp="20200930 21:14:50.126" level="INFO">Slept 10 seconds</msg>
<status status="PASS" starttime="20200930 21:14:40.123" endtime="20200930 21:14:50.126"></status>
</kw>
<kw name="Click Button Helper" library="resource">
<arguments>
<arg>${input_val}</arg>
</arguments>
<kw name="Wait Until Page Contains Element" library="SeleniumLibrary">
<doc>Waits until the element ``locator`` appears on the current page.</doc>
<arguments>
<arg>${button_id}</arg>
<arg>20</arg>
</arguments>
<status status="PASS" starttime="20200930 21:14:50.127" endtime="20200930 21:14:50.143"></status>
</kw>
<kw name="Click Button" library="SeleniumLibrary">
<doc>Clicks the button identified by ``locator``.</doc>
<arguments>
<arg>${button_id}</arg>
</arguments>
<msg timestamp="20200930 21:14:50.143" level="INFO">Clicking button 'xpath://html/body/section/div/div[2]/div/div/table/tr[4]/td[4]/button'.</msg>
<status status="PASS" starttime="20200930 21:14:50.143" endtime="20200930 21:14:50.220"></status>
</kw>
<status status="PASS" starttime="20200930 21:14:50.126" endtime="20200930 21:14:50.220"></status>
</kw>
<status status="PASS" starttime="20200930 21:14:40.094" endtime="20200930 21:14:50.220"></status>
</kw>
<kw name="Click Book Lesson" library="resource">
<kw name="Click Button Helper" library="resource">
<arguments>
<arg>${BOOK_LESSON_TEAECHER_BUTTON}</arg>
</arguments>
<kw name="Wait Until Page Contains Element" library="SeleniumLibrary">
<doc>Waits until the element ``locator`` appears on the current page.</doc>
<arguments>
<arg>${button_id}</arg>
<arg>20</arg>
</arguments>
<status status="PASS" starttime="20200930 21:14:50.223" endtime="20200930 21:14:50.238"></status>
</kw>
<kw name="Click Button" library="SeleniumLibrary">
<doc>Clicks the button identified by ``locator``.</doc>
<arguments>
<arg>${button_id}</arg>
</arguments>
<msg timestamp="20200930 21:14:50.239" level="INFO">Clicking button 'book_btn'.</msg>
<status status="PASS" starttime="20200930 21:14:50.238" endtime="20200930 21:14:50.321"></status>
</kw>
<status status="PASS" starttime="20200930 21:14:50.222" endtime="20200930 21:14:50.321"></status>
</kw>
<status status="PASS" starttime="20200930 21:14:50.221" endtime="20200930 21:14:50.321"></status>
</kw>
<kw name="Payment Page Should Be Open" library="resource">
<kw name="Wait Until Page Contains Element" library="SeleniumLibrary">
<doc>Waits until the element ``locator`` appears on the current page.</doc>
<arguments>
<arg>${PAY_CARD_NAME_INPUT}</arg>
<arg>20</arg>
</arguments>
<kw name="Capture Page Screenshot" library="SeleniumLibrary">
<doc>Takes a screenshot of the current page and embeds it into a log file.</doc>
<msg timestamp="20200930 21:15:10.743" level="INFO" html="yes">&lt;/td&gt;&lt;/tr&gt;&lt;tr&gt;&lt;td colspan="3"&gt;&lt;a href="selenium-screenshot-2.png"&gt;&lt;img src="selenium-screenshot-2.png" width="800px"&gt;&lt;/a&gt;</msg>
<status status="PASS" starttime="20200930 21:15:10.525" endtime="20200930 21:15:10.744"></status>
</kw>
<msg timestamp="20200930 21:15:10.746" level="FAIL">Element 'pay-credit-name-input' did not appear in 20 seconds.</msg>
<status status="FAIL" starttime="20200930 21:14:50.322" endtime="20200930 21:15:10.747"></status>
</kw>
<status status="FAIL" starttime="20200930 21:14:50.322" endtime="20200930 21:15:10.747"></status>
</kw>
<status status="FAIL" starttime="20200930 21:14:02.764" endtime="20200930 21:15:10.748" critical="yes">Element 'pay-credit-name-input' did not appear in 20 seconds.</status>
</test>
<doc>A test suite with a single test for valid login.

This test has a workflow that is created using keywords in
the imported resource file.</doc>
<status status="FAIL" starttime="20200930 21:14:02.449" endtime="20200930 21:15:10.751"></status>
</suite>
<statistics>
<total>
<stat pass="0" fail="1">Critical Tests</stat>
<stat pass="0" fail="1">All Tests</stat>
</total>
<tag>
</tag>
<suite>
<stat pass="0" fail="1" id="s1" name="Book Lesson">Book Lesson</stat>
</suite>
</statistics>
<errors>
</errors>
</robot>
