<?xml version="1.0" encoding="UTF-8"?>
<robot generator="Robot 3.2.1 (Python 3.6.0 on win32)" generated="20200930 18:32:52.690" rpa="false">
<suite id="s1" name="Login" source="C:\Git\Lessons\private-lessons-project\e2e\tests\login.robot">
<test id="s1-t1" name="Valid Login">
<kw name="Login" library="resource">
<arguments>
<arg>s@s.com</arg>
<arg>123123</arg>
</arguments>
<kw name="Open Browser To Login Page" library="resource">
<kw name="Open Browser" library="SeleniumLibrary">
<doc>Opens a new browser instance to the optional ``url``.</doc>
<arguments>
<arg>${LOGIN URL}</arg>
<arg>${BROWSER}</arg>
</arguments>
<msg timestamp="20200930 18:32:53.018" level="INFO">Opening browser 'headLesschrome' to base url 'https://infinite-river-63630.herokuapp.com/login/index.html'.</msg>
<status status="PASS" starttime="20200930 18:32:53.018" endtime="20200930 18:33:14.863"></status>
</kw>
<kw name="Set Selenium Speed" library="SeleniumLibrary">
<doc>Sets the delay that is waited after each Selenium command.</doc>
<arguments>
<arg>${DELAY}</arg>
</arguments>
<status status="PASS" starttime="20200930 18:33:14.863" endtime="20200930 18:33:14.864"></status>
</kw>
<kw name="Login Page Should Be Open" library="resource">
<kw name="Title Should Be" library="SeleniumLibrary">
<doc>Verifies that the current page title equals ``title``.</doc>
<arguments>
<arg>Languages</arg>
</arguments>
<msg timestamp="20200930 18:33:14.872" level="INFO">Page title is 'Languages'.</msg>
<status status="PASS" starttime="20200930 18:33:14.865" endtime="20200930 18:33:14.873"></status>
</kw>
<status status="PASS" starttime="20200930 18:33:14.864" endtime="20200930 18:33:14.874"></status>
</kw>
<status status="PASS" starttime="20200930 18:32:53.018" endtime="20200930 18:33:14.874"></status>
</kw>
<kw name="Input Username" library="resource">
<arguments>
<arg>${username}</arg>
</arguments>
<kw name="Input Text" library="SeleniumLibrary">
<doc>Types the given ``text`` into the text field identified by ``locator``.</doc>
<arguments>
<arg>email</arg>
<arg>${username}</arg>
</arguments>
<msg timestamp="20200930 18:33:14.876" level="INFO">Typing text 's@s.com' into text field 'email'.</msg>
<status status="PASS" starttime="20200930 18:33:14.875" endtime="20200930 18:33:15.032"></status>
</kw>
<status status="PASS" starttime="20200930 18:33:14.874" endtime="20200930 18:33:15.032"></status>
</kw>
<kw name="Input Password" library="resource">
<arguments>
<arg>${password}</arg>
</arguments>
<kw name="Input Text" library="SeleniumLibrary">
<doc>Types the given ``text`` into the text field identified by ``locator``.</doc>
<arguments>
<arg>password</arg>
<arg>${password}</arg>
</arguments>
<msg timestamp="20200930 18:33:15.034" level="INFO">Typing text '123123' into text field 'password'.</msg>
<status status="PASS" starttime="20200930 18:33:15.034" endtime="20200930 18:33:15.143"></status>
</kw>
<status status="PASS" starttime="20200930 18:33:15.033" endtime="20200930 18:33:15.144"></status>
</kw>
<kw name="Click Button Helper" library="resource">
<arguments>
<arg>${LOGIN BTN}</arg>
</arguments>
<kw name="Wait Until Page Contains Element" library="SeleniumLibrary">
<doc>Waits until the element ``locator`` appears on the current page.</doc>
<arguments>
<arg>${button_id}</arg>
<arg>20</arg>
</arguments>
<status status="PASS" starttime="20200930 18:33:15.145" endtime="20200930 18:33:15.161"></status>
</kw>
<kw name="Click Button" library="SeleniumLibrary">
<doc>Clicks the button identified by ``locator``.</doc>
<arguments>
<arg>${button_id}</arg>
</arguments>
<msg timestamp="20200930 18:33:15.161" level="INFO">Clicking button 'login_btn'.</msg>
<status status="PASS" starttime="20200930 18:33:15.161" endtime="20200930 18:33:15.252"></status>
</kw>
<status status="PASS" starttime="20200930 18:33:15.144" endtime="20200930 18:33:15.252"></status>
</kw>
<status status="PASS" starttime="20200930 18:32:53.017" endtime="20200930 18:33:15.252"></status>
</kw>
<kw name="Main Page Should Be Open" library="resource">
<kw name="Wait Until Page Contains Element" library="SeleniumLibrary">
<doc>Waits until the element ``locator`` appears on the current page.</doc>
<arguments>
<arg>${LOGOUT_BTN}</arg>
<arg>10</arg>
</arguments>
<status status="PASS" starttime="20200930 18:33:15.253" endtime="20200930 18:33:17.457"></status>
</kw>
<status status="PASS" starttime="20200930 18:33:15.253" endtime="20200930 18:33:17.458"></status>
</kw>
<kw name="Logout" library="resource">
<kw name="Get Element Count" library="SeleniumLibrary">
<doc>Returns the number of elements matching ``locator``.</doc>
<arguments>
<arg>${LOGOUT_BTN}</arg>
</arguments>
<assign>
<var>${c}</var>
</assign>
<msg timestamp="20200930 18:33:17.471" level="INFO">${c} = 1</msg>
<status status="PASS" starttime="20200930 18:33:17.459" endtime="20200930 18:33:17.471"></status>
</kw>
<kw name="Run Keyword If" library="BuiltIn">
<doc>Runs the given keyword with the given arguments, if ``condition`` is true.</doc>
<arguments>
<arg>${c}&gt;0</arg>
<arg>Click Button Helper</arg>
<arg>${LOGOUT_BTN}</arg>
</arguments>
<kw name="Click Button Helper" library="resource">
<arguments>
<arg>${LOGOUT_BTN}</arg>
</arguments>
<kw name="Wait Until Page Contains Element" library="SeleniumLibrary">
<doc>Waits until the element ``locator`` appears on the current page.</doc>
<arguments>
<arg>${button_id}</arg>
<arg>20</arg>
</arguments>
<status status="PASS" starttime="20200930 18:33:17.472" endtime="20200930 18:33:17.484"></status>
</kw>
<kw name="Click Button" library="SeleniumLibrary">
<doc>Clicks the button identified by ``locator``.</doc>
<arguments>
<arg>${button_id}</arg>
</arguments>
<msg timestamp="20200930 18:33:17.485" level="INFO">Clicking button 'logout_btn'.</msg>
<status status="PASS" starttime="20200930 18:33:17.484" endtime="20200930 18:33:18.412"></status>
</kw>
<status status="PASS" starttime="20200930 18:33:17.472" endtime="20200930 18:33:18.413"></status>
</kw>
<status status="PASS" starttime="20200930 18:33:17.471" endtime="20200930 18:33:18.413"></status>
</kw>
<status status="PASS" starttime="20200930 18:33:17.459" endtime="20200930 18:33:18.414"></status>
</kw>
<kw name="Close Browser" library="SeleniumLibrary" type="teardown">
<doc>Closes the current browser.</doc>
<status status="PASS" starttime="20200930 18:33:18.416" endtime="20200930 18:33:20.517"></status>
</kw>
<status status="PASS" starttime="20200930 18:32:53.015" endtime="20200930 18:33:20.517" critical="yes"></status>
</test>
<test id="s1-t2" name="Invalid Login">
<kw name="Login" library="resource">
<arguments>
<arg>s@ss.com</arg>
<arg>123123</arg>
</arguments>
<kw name="Open Browser To Login Page" library="resource">
<kw name="Open Browser" library="SeleniumLibrary">
<doc>Opens a new browser instance to the optional ``url``.</doc>
<arguments>
<arg>${LOGIN URL}</arg>
<arg>${BROWSER}</arg>
</arguments>
<msg timestamp="20200930 18:33:20.522" level="INFO">Opening browser 'headLesschrome' to base url 'https://infinite-river-63630.herokuapp.com/login/index.html'.</msg>
<status status="PASS" starttime="20200930 18:33:20.521" endtime="20200930 18:33:45.159"></status>
</kw>
<kw name="Set Selenium Speed" library="SeleniumLibrary">
<doc>Sets the delay that is waited after each Selenium command.</doc>
<arguments>
<arg>${DELAY}</arg>
</arguments>
<status status="PASS" starttime="20200930 18:33:45.159" endtime="20200930 18:33:45.159"></status>
</kw>
<kw name="Login Page Should Be Open" library="resource">
<kw name="Title Should Be" library="SeleniumLibrary">
<doc>Verifies that the current page title equals ``title``.</doc>
<arguments>
<arg>Languages</arg>
</arguments>
<msg timestamp="20200930 18:33:45.168" level="INFO">Page title is 'Languages'.</msg>
<status status="PASS" starttime="20200930 18:33:45.160" endtime="20200930 18:33:45.169"></status>
</kw>
<status status="PASS" starttime="20200930 18:33:45.160" endtime="20200930 18:33:45.169"></status>
</kw>
<status status="PASS" starttime="20200930 18:33:20.521" endtime="20200930 18:33:45.169"></status>
</kw>
<kw name="Input Username" library="resource">
<arguments>
<arg>${username}</arg>
</arguments>
<kw name="Input Text" library="SeleniumLibrary">
<doc>Types the given ``text`` into the text field identified by ``locator``.</doc>
<arguments>
<arg>email</arg>
<arg>${username}</arg>
</arguments>
<msg timestamp="20200930 18:33:45.170" level="INFO">Typing text 's@ss.com' into text field 'email'.</msg>
<status status="PASS" starttime="20200930 18:33:45.170" endtime="20200930 18:33:45.352"></status>
</kw>
<status status="PASS" starttime="20200930 18:33:45.169" endtime="20200930 18:33:45.352"></status>
</kw>
<kw name="Input Password" library="resource">
<arguments>
<arg>${password}</arg>
</arguments>
<kw name="Input Text" library="SeleniumLibrary">
<doc>Types the given ``text`` into the text field identified by ``locator``.</doc>
<arguments>
<arg>password</arg>
<arg>${password}</arg>
</arguments>
<msg timestamp="20200930 18:33:45.353" level="INFO">Typing text '123123' into text field 'password'.</msg>
<status status="PASS" starttime="20200930 18:33:45.353" endtime="20200930 18:33:45.477"></status>
</kw>
<status status="PASS" starttime="20200930 18:33:45.352" endtime="20200930 18:33:45.477"></status>
</kw>
<kw name="Click Button Helper" library="resource">
<arguments>
<arg>${LOGIN BTN}</arg>
</arguments>
<kw name="Wait Until Page Contains Element" library="SeleniumLibrary">
<doc>Waits until the element ``locator`` appears on the current page.</doc>
<arguments>
<arg>${button_id}</arg>
<arg>20</arg>
</arguments>
<status status="PASS" starttime="20200930 18:33:45.478" endtime="20200930 18:33:45.493"></status>
</kw>
<kw name="Click Button" library="SeleniumLibrary">
<doc>Clicks the button identified by ``locator``.</doc>
<arguments>
<arg>${button_id}</arg>
</arguments>
<msg timestamp="20200930 18:33:45.494" level="INFO">Clicking button 'login_btn'.</msg>
<status status="PASS" starttime="20200930 18:33:45.493" endtime="20200930 18:33:45.581"></status>
</kw>
<status status="PASS" starttime="20200930 18:33:45.477" endtime="20200930 18:33:45.581"></status>
</kw>
<status status="PASS" starttime="20200930 18:33:20.520" endtime="20200930 18:33:45.581"></status>
</kw>
<kw name="Login error Should Be visible" library="resource">
<kw name="Wait Until Page Contains Element" library="SeleniumLibrary">
<doc>Waits until the element ``locator`` appears on the current page.</doc>
<arguments>
<arg>error_msg_id</arg>
</arguments>
<status status="PASS" starttime="20200930 18:33:45.583" endtime="20200930 18:33:45.602"></status>
</kw>
<status status="PASS" starttime="20200930 18:33:45.582" endtime="20200930 18:33:45.602"></status>
</kw>
<kw name="Logout" library="resource">
<kw name="Get Element Count" library="SeleniumLibrary">
<doc>Returns the number of elements matching ``locator``.</doc>
<arguments>
<arg>${LOGOUT_BTN}</arg>
</arguments>
<assign>
<var>${c}</var>
</assign>
<msg timestamp="20200930 18:33:45.620" level="INFO">${c} = 0</msg>
<status status="PASS" starttime="20200930 18:33:45.603" endtime="20200930 18:33:45.620"></status>
</kw>
<kw name="Run Keyword If" library="BuiltIn">
<doc>Runs the given keyword with the given arguments, if ``condition`` is true.</doc>
<arguments>
<arg>${c}&gt;0</arg>
<arg>Click Button Helper</arg>
<arg>${LOGOUT_BTN}</arg>
</arguments>
<status status="PASS" starttime="20200930 18:33:45.621" endtime="20200930 18:33:45.621"></status>
</kw>
<status status="PASS" starttime="20200930 18:33:45.603" endtime="20200930 18:33:45.621"></status>
</kw>
<kw name="Close Browser" library="SeleniumLibrary" type="teardown">
<doc>Closes the current browser.</doc>
<status status="PASS" starttime="20200930 18:33:45.622" endtime="20200930 18:33:47.718"></status>
</kw>
<status status="PASS" starttime="20200930 18:33:20.520" endtime="20200930 18:33:47.719" critical="yes"></status>
</test>
<doc>A test suite with a single test for valid login.

This test has a workflow that is created using keywords in
the imported resource file.</doc>
<status status="PASS" starttime="20200930 18:32:52.693" endtime="20200930 18:33:47.721"></status>
</suite>
<statistics>
<total>
<stat pass="2" fail="0">Critical Tests</stat>
<stat pass="2" fail="0">All Tests</stat>
</total>
<tag>
</tag>
<suite>
<stat pass="2" fail="0" id="s1" name="Login">Login</stat>
</suite>
</statistics>
<errors>
</errors>
</robot>
