<?xml version="1.0" encoding="UTF-8"?>
<robot generator="Robot 3.2.1 (Python 3.6.0 on win32)" generated="20200807 21:46:36.587" rpa="false">
<suite id="s1" name="Login" source="C:\Git\Lessons\private-lessons-project\e2e\login.robot">
<test id="s1-t1" name="Valid Login">
<kw name="Open Browser To Login Page" library="resource">
<kw name="Open Browser" library="SeleniumLibrary">
<doc>Opens a new browser instance to the optional ``url``.</doc>
<arguments>
<arg>${LOGIN URL}</arg>
<arg>${BROWSER}</arg>
</arguments>
<msg timestamp="20200807 21:46:36.922" level="INFO">Opening browser 'chrome' to base url 'file:///C:/Git/Lessons/private-lessons-project/login/index.html'.</msg>
<status status="PASS" starttime="20200807 21:46:36.922" endtime="20200807 21:46:44.411"></status>
</kw>
<kw name="Set Selenium Speed" library="SeleniumLibrary">
<doc>Sets the delay that is waited after each Selenium command.</doc>
<arguments>
<arg>${DELAY}</arg>
</arguments>
<status status="PASS" starttime="20200807 21:46:44.412" endtime="20200807 21:46:44.412"></status>
</kw>
<kw name="Login Page Should Be Open" library="resource">
<kw name="Title Should Be" library="SeleniumLibrary">
<doc>Verifies that the current page title equals ``title``.</doc>
<arguments>
<arg>Languages</arg>
</arguments>
<msg timestamp="20200807 21:46:44.425" level="INFO">Page title is 'Languages'.</msg>
<status status="PASS" starttime="20200807 21:46:44.413" endtime="20200807 21:46:44.425"></status>
</kw>
<status status="PASS" starttime="20200807 21:46:44.413" endtime="20200807 21:46:44.426"></status>
</kw>
<status status="PASS" starttime="20200807 21:46:36.921" endtime="20200807 21:46:44.426"></status>
</kw>
<kw name="Input Username" library="resource">
<arguments>
<arg>demo</arg>
</arguments>
<kw name="Input Text" library="SeleniumLibrary">
<doc>Types the given ``text`` into the text field identified by ``locator``.</doc>
<arguments>
<arg>email</arg>
<arg>${username}</arg>
</arguments>
<msg timestamp="20200807 21:46:44.429" level="INFO">Typing text 'demo' into text field 'email'.</msg>
<status status="PASS" starttime="20200807 21:46:44.428" endtime="20200807 21:46:44.594"></status>
</kw>
<status status="PASS" starttime="20200807 21:46:44.427" endtime="20200807 21:46:44.594"></status>
</kw>
<kw name="Input Password" library="resource">
<arguments>
<arg>mode</arg>
</arguments>
<kw name="Input Text" library="SeleniumLibrary">
<doc>Types the given ``text`` into the text field identified by ``locator``.</doc>
<arguments>
<arg>password</arg>
<arg>${password}</arg>
</arguments>
<msg timestamp="20200807 21:46:44.597" level="INFO">Typing text 'mode' into text field 'password'.</msg>
<status status="PASS" starttime="20200807 21:46:44.596" endtime="20200807 21:46:44.961"></status>
</kw>
<status status="PASS" starttime="20200807 21:46:44.595" endtime="20200807 21:46:44.962"></status>
</kw>
<kw name="Submit Credentials" library="resource">
<kw name="Click Button" library="SeleniumLibrary">
<doc>Clicks the button identified by ``locator``.</doc>
<arguments>
<arg>login_btn</arg>
</arguments>
<msg timestamp="20200807 21:46:44.964" level="INFO">Clicking button 'login_btn'.</msg>
<status status="PASS" starttime="20200807 21:46:44.963" endtime="20200807 21:46:45.103"></status>
</kw>
<status status="PASS" starttime="20200807 21:46:44.962" endtime="20200807 21:46:45.106"></status>
</kw>
<kw name="Close Browser" library="SeleniumLibrary" type="teardown">
<doc>Closes the current browser.</doc>
<status status="PASS" starttime="20200807 21:46:45.111" endtime="20200807 21:46:47.844"></status>
</kw>
<status status="PASS" starttime="20200807 21:46:36.919" endtime="20200807 21:46:47.845" critical="yes"></status>
</test>
<doc>A test suite with a single test for valid login.

This test has a workflow that is created using keywords in
the imported resource file.</doc>
<status status="PASS" starttime="20200807 21:46:36.590" endtime="20200807 21:46:47.847"></status>
</suite>
<statistics>
<total>
<stat pass="1" fail="0">Critical Tests</stat>
<stat pass="1" fail="0">All Tests</stat>
</total>
<tag>
</tag>
<suite>
<stat pass="1" fail="0" id="s1" name="Login">Login</stat>
</suite>
</statistics>
<errors>
</errors>
</robot>
